2026-03-13 22:54:40|INFO|Main.<module>|260311:90|程序启动
2026-03-13 22:54:40|INFO|Main.<module>|260311:93|开始安装字体
2026-03-13 22:54:40|INFO|Main.<module>|260311:95|字体安装完成
2026-03-13 22:54:40|INFO|Main.<module>|260311:97|开始配置设置文件
2026-03-13 22:54:40|INFO|Main.<module>|260311:111|更新配置文件
2026-03-13 22:54:40|INFO|Main.<module>|260311:134|初始化应用程序
2026-03-13 22:54:40|INFO|Main.<module>|260311:137|设置国际化
2026-03-13 22:54:40|INFO|Main.<module>|260311:142|加载字体
2026-03-13 22:54:40|INFO|Main.<module>|260311:158|设置全局字体为: HarmonyOS Sans SC
2026-03-13 22:54:40|INFO|Main.<module>|260311:161|创建主窗口
2026-03-13 22:54:40|INFO|Setting.__init__|setting:22|初始化设置界面
2026-03-13 22:54:41|INFO|Setting.__init__|setting:78|设置界面初始化完成
2026-03-13 22:54:41|INFO|Main.<module>|260311:163|显示主窗口
2026-03-13 22:54:41|INFO|Main.<module>|260311:165|进入事件循环
2026-03-13 22:54:44|INFO|Setting.__onThemeChanged|setting:124|主题变更为: Dark
2026-03-13 22:54:44|INFO|Setting.__onThemeChanged|setting:127|主题变更完成
2026-03-13 22:54:45|INFO|Setting.__onThemeChanged|setting:124|主题变更为: Light
2026-03-13 22:54:45|INFO|Setting.__onThemeChanged|setting:127|主题变更完成
2026-03-13 22:54:46|INFO|Setting.__onThemeChanged|setting:124|主题变更为: Auto
2026-03-13 22:54:46|INFO|Setting.__onThemeChanged|setting:127|主题变更完成
