2026-03-14 09:33:23|INFO|Main.init_logger|logger:222|日志系统初始化完成
2026-03-14 09:33:23|INFO|Main.init_logger|logger:223|日志级别: OptionsConfigItem[options=[<LogLevel.DEBUG: 'Debug'>, <LogLevel.INFO: 'Info'>, <LogLevel.WARNING: 'Warning'>, <LogLevel.ERROR: 'Error'>], value=LogLevel.INFO]
2026-03-14 09:33:23|INFO|Main.init_logger|logger:224|日志最大数量: 422
2026-03-14 09:33:23|INFO|Main.init_logger|logger:225|日志保留天数: 152
2026-03-14 09:33:23|INFO|Main.<module>|260311:138|程序启动
2026-03-14 09:33:23|INFO|Main.<module>|260311:139|字体安装完成
2026-03-14 09:33:23|INFO|Main.<module>|260311:140|配置文件处理完成
2026-03-14 09:33:23|INFO|Main.<module>|260311:142|初始化应用程序
2026-03-14 09:33:23|INFO|Main.<module>|260311:145|设置国际化
2026-03-14 09:33:23|INFO|Main.<module>|260311:150|加载字体
2026-03-14 09:33:23|INFO|Main.<module>|260311:166|设置全局字体为: HarmonyOS Sans SC
2026-03-14 09:33:23|INFO|Main.<module>|260311:169|创建主窗口
2026-03-14 09:33:23|INFO|Setting.__init__|setting:20|初始化设置界面
2026-03-14 09:33:23|INFO|Setting.__init__|setting:76|设置界面初始化完成
2026-03-14 09:33:23|INFO|Main.<module>|260311:171|显示主窗口
2026-03-14 09:33:23|INFO|Main.<module>|260311:173|进入事件循环
2026-03-14 09:33:31|INFO|Setting.__onSettingChanged|setting:155|设置变更已保存: 日志级别
2026-03-14 09:33:34|INFO|Setting.__onSettingChanged|setting:155|设置变更已保存: 日志级别
2026-03-14 09:33:35|INFO|Setting.__onSettingChanged|setting:155|设置变更已保存: 日志级别
2026-03-14 09:33:36|INFO|Setting.__onSettingChanged|setting:155|设置变更已保存: 日志级别
2026-03-14 09:33:38|INFO|Setting.__onSettingChanged|setting:155|设置变更已保存: 日志级别
