2026-03-14 09:46:05|INFO|Main.info|logger:73|日志系统初始化完成
2026-03-14 09:46:05|INFO|Main.info|logger:73|日志级别: LogLevel.INFO
2026-03-14 09:46:05|INFO|Main.info|logger:73|日志最大数量: 422
2026-03-14 09:46:05|INFO|Main.info|logger:73|日志保留天数: 152
2026-03-14 09:46:05|INFO|Main.info|logger:73|程序启动
2026-03-14 09:46:05|INFO|Main.info|logger:73|字体安装完成
2026-03-14 09:46:05|INFO|Main.info|logger:73|配置文件处理完成
2026-03-14 09:46:05|INFO|Main.info|logger:73|初始化应用程序
2026-03-14 09:46:05|INFO|Main.info|logger:73|设置国际化
2026-03-14 09:46:05|INFO|Main.info|logger:73|加载字体
2026-03-14 09:46:05|INFO|Main.info|logger:73|设置全局字体为: HarmonyOS Sans SC
2026-03-14 09:46:05|INFO|Main.info|logger:73|创建主窗口
2026-03-14 09:46:05|INFO|Setting.info|logger:73|初始化设置界面
2026-03-14 09:46:05|INFO|Setting.info|logger:73|设置界面初始化完成
2026-03-14 09:46:05|INFO|Main.info|logger:73|显示主窗口
2026-03-14 09:46:05|INFO|Main.info|logger:73|进入事件循环
2026-03-14 09:50:11|INFO|Setting.info|logger:73|设置变更已保存: 日志级别
2026-03-14 09:50:12|INFO|Setting.info|logger:73|设置变更已保存: 日志级别
2026-03-14 09:50:12|INFO|Setting.info|logger:73|设置变更已保存: 日志级别
2026-03-14 09:50:13|INFO|Setting.info|logger:73|设置变更已保存: 日志级别
